  main.cpp
C:\Users\qumah\source\repos\Lin340 Group Project\src\CKY.h(20,8): warning C4267: 'initializing': conversion from 'size_t' to 'int', possible loss of data
C:\Users\qumah\source\repos\Lin340 Group Project\src\CKY.h(57,8): warning C4267: 'initializing': conversion from 'size_t' to 'int', possible loss of data
C:\Users\qumah\source\repos\Lin340 Group Project\src\CKY.h(116,8): warning C4267: 'initializing': conversion from 'size_t' to 'int', possible loss of data
C:\Users\qumah\source\repos\Lin340 Group Project\src\main.cpp(39,43): warning C4244: '=': conversion from '__int64' to 'int', possible loss of data
C:\Users\qumah\source\repos\Lin340 Group Project\src\main.cpp(47,16): warning C4244: 'initializing': conversion from '__int64' to 'int', possible loss of data
C:\Users\qumah\source\repos\Lin340 Group Project\src\main.cpp(59,15): warning C4244: 'initializing': conversion from '_Rep' to 'float', possible loss of data
C:\Users\qumah\source\repos\Lin340 Group Project\src\main.cpp(59,15): warning C4244:         with
C:\Users\qumah\source\repos\Lin340 Group Project\src\main.cpp(59,15): warning C4244:         [
C:\Users\qumah\source\repos\Lin340 Group Project\src\main.cpp(59,15): warning C4244:             _Rep=__int64
C:\Users\qumah\source\repos\Lin340 Group Project\src\main.cpp(59,15): warning C4244:         ]
C:\Users\qumah\source\repos\Lin340 Group Project\src\main.cpp(68,43): warning C4244: '=': conversion from '__int64' to 'int', possible loss of data
C:\Users\qumah\source\repos\Lin340 Group Project\src\main.cpp(76,16): warning C4244: 'initializing': conversion from '__int64' to 'int', possible loss of data
C:\Users\qumah\source\repos\Lin340 Group Project\src\main.cpp(89,15): warning C4244: 'initializing': conversion from '_Rep' to 'float', possible loss of data
C:\Users\qumah\source\repos\Lin340 Group Project\src\main.cpp(89,15): warning C4244:         with
C:\Users\qumah\source\repos\Lin340 Group Project\src\main.cpp(89,15): warning C4244:         [
C:\Users\qumah\source\repos\Lin340 Group Project\src\main.cpp(89,15): warning C4244:             _Rep=__int64
C:\Users\qumah\source\repos\Lin340 Group Project\src\main.cpp(89,15): warning C4244:         ]
C:\Users\qumah\source\repos\Lin340 Group Project\src\main.cpp(109,14): warning C4244: 'initializing': conversion from '_Rep' to 'float', possible loss of data
C:\Users\qumah\source\repos\Lin340 Group Project\src\main.cpp(109,14): warning C4244:         with
C:\Users\qumah\source\repos\Lin340 Group Project\src\main.cpp(109,14): warning C4244:         [
C:\Users\qumah\source\repos\Lin340 Group Project\src\main.cpp(109,14): warning C4244:             _Rep=__int64
C:\Users\qumah\source\repos\Lin340 Group Project\src\main.cpp(109,14): warning C4244:         ]
C:\Users\qumah\source\repos\Lin340 Group Project\src\main.cpp(126,14): warning C4244: 'initializing': conversion from '_Rep' to 'float', possible loss of data
C:\Users\qumah\source\repos\Lin340 Group Project\src\main.cpp(126,14): warning C4244:         with
C:\Users\qumah\source\repos\Lin340 Group Project\src\main.cpp(126,14): warning C4244:         [
C:\Users\qumah\source\repos\Lin340 Group Project\src\main.cpp(126,14): warning C4244:             _Rep=__int64
C:\Users\qumah\source\repos\Lin340 Group Project\src\main.cpp(126,14): warning C4244:         ]
  Generating code
  6 of 1657 functions ( 0.4%) were compiled, the rest were copied from previous compilation.
    0 functions were new in current compilation
    6 functions had inline decision re-evaluated but remain unchanged
  Finished generating code
  Lin340 Group Project.vcxproj -> C:\Users\qumah\source\repos\Lin340 Group Project\x64\Release\Lin340 Group Project.exe
